# JRE version: Java(TM) SE Runtime Environment (18.0.2.1+1) (build 18.0.2.1+1-1)
# Java VM: Java HotSpot(TM) 64-Bit Server VM (18.0.2.1+1-1, mixed mode, sharing, tiered, compressed oops, compressed class ptrs, g1 gc, windows-amd64)
GC Precious Log:
 CardTable entry size: 512
 Card Set container configuration: InlinePtr #cards 5 size 8 Array Of Cards #cards 12 size 40 Howl #buckets 4 coarsen threshold 1843 Howl Bitmap #cards 512 size 80 coarsen threshold 460 Card regions per heap region 1 cards per card region 2048
 CPUs: 4 total, 4 available
 Memory: 16240M
 Large Page Support: Disabled
 NUMA Support: Disabled
 Compressed Oops: Enabled (32-bit)
 Heap Region Size: 1M
 Heap Min Capacity: 8M
 Heap Initial Capacity: 254M
 Heap Max Capacity: 2G
 Pre-touch: Disabled
 Parallel Workers: 4
 Concurrent Workers: 1
 Concurrent Refinement Workers: 4
 Periodic GC: Disabled
Heap:
 garbage-first heap   total 336896K, used 305558K [0x0000000080000000, 0x0000000100000000)
  region size 1024K, 110 young (112640K), 13 survivors (13312K)
 Metaspace       used 136207K, committed 138624K, reserved 1179648K
  class space    used 18430K, committed 19712K, reserved 1048576K
GC Heap History (20 events):
Event: 24.613 GC heap after
{Heap after GC invocations=36 (full 0):
 garbage-first heap   total 238592K, used 129252K [0x0000000080000000, 0x0000000100000000)
  region size 1024K, 12 young (12288K), 12 survivors (12288K)
 Metaspace       used 101226K, committed 103360K, reserved 1179648K
  class space    used 13856K, committed 14976K, reserved 1048576K
}
Event: 25.475 GC heap before
{Heap before GC invocations=36 (full 0):
 garbage-first heap   total 238592K, used 183524K [0x0000000080000000, 0x0000000100000000)
  region size 1024K, 62 young (63488K), 12 survivors (12288K)
 Metaspace       used 104033K, committed 106176K, reserved 1179648K
  class space    used 14186K, committed 15296K, reserved 1048576K
}
Event: 25.499 GC heap after
{Heap after GC invocations=37 (full 0):
 garbage-first heap   total 238592K, used 143199K [0x0000000080000000, 0x0000000100000000)
  region size 1024K, 8 young (8192K), 8 survivors (8192K)
 Metaspace       used 104033K, committed 106176K, reserved 1179648K
  class space    used 14186K, committed 15296K, reserved 1048576K
}
Event: 26.331 GC heap before
{Heap before GC invocations=37 (full 0):
 garbage-first heap   total 238592K, used 208735K [0x0000000080000000, 0x0000000100000000)
  region size 1024K, 46 young (47104K), 8 survivors (8192K)
 Metaspace       used 106655K, committed 108736K, reserved 1179648K
  class space    used 14446K, committed 15552K, reserved 1048576K
}
Event: 26.347 GC heap after
{Heap after GC invocations=38 (full 0):
 garbage-first heap   total 238592K, used 145111K [0x0000000080000000, 0x0000000100000000)
  region size 1024K, 3 young (3072K), 3 survivors (3072K)
 Metaspace       used 106655K, committed 108736K, reserved 1179648K
  class space    used 14446K, committed 15552K, reserved 1048576K
}
Event: 26.925 GC heap before
{Heap before GC invocations=38 (full 0):
 garbage-first heap   total 238592K, used 186071K [0x0000000080000000, 0x0000000100000000)
  region size 1024K, 44 young (45056K), 3 survivors (3072K)
 Metaspace       used 107032K, committed 109184K, reserved 1179648K
  class space    used 14479K, committed 15616K, reserved 1048576K
}
Event: 26.938 GC heap after
{Heap after GC invocations=39 (full 0):
 garbage-first heap   total 336896K, used 148806K [0x0000000080000000, 0x0000000100000000)
  region size 1024K, 6 young (6144K), 6 survivors (6144K)
 Metaspace       used 107032K, committed 109184K, reserved 1179648K
  class space    used 14479K, committed 15616K, reserved 1048576K
}
Event: 28.358 GC heap before
{Heap before GC invocations=39 (full 0):
 garbage-first heap   total 336896K, used 244038K [0x0000000080000000, 0x0000000100000000)
  region size 1024K, 100 young (102400K), 6 survivors (6144K)
 Metaspace       used 108742K, committed 111040K, reserved 1179648K
  class space    used 14666K, committed 15872K, reserved 1048576K
}
Event: 28.379 GC heap after
{Heap after GC invocations=40 (full 0):
 garbage-first heap   total 336896K, used 156501K [0x0000000080000000, 0x0000000100000000)
  region size 1024K, 13 young (13312K), 13 survivors (13312K)
 Metaspace       used 108742K, committed 111040K, reserved 1179648K
  class space    used 14666K, committed 15872K, reserved 1048576K
}
Event: 30.831 GC heap before
{Heap before GC invocations=40 (full 0):
 garbage-first heap   total 336896K, used 252757K [0x0000000080000000, 0x0000000100000000)
  region size 1024K, 108 young (110592K), 13 survivors (13312K)
 Metaspace       used 109616K, committed 111872K, reserved 1179648K
  class space    used 14750K, committed 15936K, reserved 1048576K
}
Event: 30.850 GC heap after
{Heap after GC invocations=41 (full 0):
 garbage-first heap   total 336896K, used 160475K [0x0000000080000000, 0x0000000100000000)
  region size 1024K, 4 young (4096K), 4 survivors (4096K)
 Metaspace       used 109616K, committed 111872K, reserved 1179648K
  class space    used 14750K, committed 15936K, reserved 1048576K
}
Event: 47.681 GC heap before
{Heap before GC invocations=41 (full 0):
 garbage-first heap   total 336896K, used 259803K [0x0000000080000000, 0x0000000100000000)
  region size 1024K, 102 young (104448K), 4 survivors (4096K)
 Metaspace       used 114397K, committed 116736K, reserved 1179648K
  class space    used 15378K, committed 16576K, reserved 1048576K
}
Event: 47.691 GC heap after
{Heap after GC invocations=42 (full 0):
 garbage-first heap   total 336896K, used 166400K [0x0000000080000000, 0x0000000100000000)
  region size 1024K, 10 young (10240K), 10 survivors (10240K)
 Metaspace       used 114397K, committed 116736K, reserved 1179648K
  class space    used 15378K, committed 16576K, reserved 1048576K
}
Event: 49.023 GC heap before
{Heap before GC invocations=42 (full 0):
 garbage-first heap   total 336896K, used 266752K [0x0000000080000000, 0x0000000100000000)
  region size 1024K, 107 young (109568K), 10 survivors (10240K)
 Metaspace       used 115671K, committed 118080K, reserved 1179648K
  class space    used 15558K, committed 16832K, reserved 1048576K
}
Event: 49.042 GC heap after
{Heap after GC invocations=43 (full 0):
 garbage-first heap   total 336896K, used 176716K [0x0000000080000000, 0x0000000100000000)
  region size 1024K, 14 young (14336K), 14 survivors (14336K)
 Metaspace       used 115671K, committed 118080K, reserved 1179648K
  class space    used 15558K, committed 16832K, reserved 1048576K
}
Event: 50.377 GC heap before
{Heap before GC invocations=43 (full 0):
 garbage-first heap   total 336896K, used 268876K [0x0000000080000000, 0x0000000100000000)
  region size 1024K, 105 young (107520K), 14 survivors (14336K)
 Metaspace       used 125776K, committed 128128K, reserved 1179648K
  class space    used 17002K, committed 18240K, reserved 1048576K
}
Event: 50.396 GC heap after
{Heap after GC invocations=44 (full 0):
 garbage-first heap   total 336896K, used 177302K [0x0000000080000000, 0x0000000100000000)
  region size 1024K, 4 young (4096K), 4 survivors (4096K)
 Metaspace       used 125776K, committed 128128K, reserved 1179648K
  class space    used 17002K, committed 18240K, reserved 1048576K
}
Event: 52.445 GC heap before
{Heap before GC invocations=44 (full 0):
 garbage-first heap   total 336896K, used 272534K [0x0000000080000000, 0x0000000100000000)
  region size 1024K, 98 young (100352K), 4 survivors (4096K)
 Metaspace       used 133860K, committed 136320K, reserved 1179648K
  class space    used 18174K, committed 19456K, reserved 1048576K
}
Event: 52.458 GC heap after
{Heap after GC invocations=45 (full 0):
 garbage-first heap   total 336896K, used 177558K [0x0000000080000000, 0x0000000100000000)
  region size 1024K, 5 young (5120K), 5 survivors (5120K)
 Metaspace       used 133860K, committed 136320K, reserved 1179648K
  class space    used 18174K, committed 19456K, reserved 1048576K
}
Event: 240.638 GC heap before
{Heap before GC invocations=45 (full 0):
 garbage-first heap   total 336896K, used 305558K [0x0000000080000000, 0x0000000100000000)
  region size 1024K, 102 young (104448K), 5 survivors (5120K)
 Metaspace       used 136207K, committed 138624K, reserved 1179648K
  class space    used 18430K, committed 19712K, reserved 1048576K
}

